{"C:\\Users\\1\\Desktop\\Ucheba\\4_semestr\\tasty\\frontend\\src\\assets\\images\\Auth\\eye.svg": {"path":"C:\\Users\\1\\Desktop\\Ucheba\\4_semestr\\tasty\\frontend\\src\\assets\\images\\Auth\\eye.svg","statementMap":{"0":{"start":{"line":2,"column":14},"end":{"line":2,"column":30}},"1":{"start":{"line":4,"column":2},"end":{"line":7,"column":4}},"2":{"start":{"line":9,"column":0},"end":{"line":9,"column":24}}},"fnMap":{"0":{"name":"SvgEye","decl":{"start":{"line":3,"column":9},"end":{"line":3,"column":15}},"loc":{"start":{"line":3,"column":23},"end":{"line":8,"column":1}},"line":3}},"branchMap":{},"s":{"0":1,"1":0,"2":1},"f":{"0":0},"b":{},"inputSourceMap":null,"_coverageSchema":"1a1c01bbd47fc00a2c39e90264f33305004495a9","hash":"3cd456486a0daaef93308b152233d605f9e849fe"}
,"C:\\Users\\1\\Desktop\\Ucheba\\4_semestr\\tasty\\frontend\\src\\assets\\images\\Auth\\eyeClosed.svg": {"path":"C:\\Users\\1\\Desktop\\Ucheba\\4_semestr\\tasty\\frontend\\src\\assets\\images\\Auth\\eyeClosed.svg","statementMap":{"0":{"start":{"line":2,"column":14},"end":{"line":2,"column":30}},"1":{"start":{"line":4,"column":2},"end":{"line":7,"column":4}},"2":{"start":{"line":9,"column":0},"end":{"line":9,"column":30}}},"fnMap":{"0":{"name":"SvgEyeClosed","decl":{"start":{"line":3,"column":9},"end":{"line":3,"column":21}},"loc":{"start":{"line":3,"column":29},"end":{"line":8,"column":1}},"line":3}},"branchMap":{},"s":{"0":1,"1":0,"2":1},"f":{"0":0},"b":{},"inputSourceMap":null,"_coverageSchema":"1a1c01bbd47fc00a2c39e90264f33305004495a9","hash":"4848cf9f5383cea981e01d2acbe49ea09d14c3ec"}
,"C:\\Users\\1\\Desktop\\Ucheba\\4_semestr\\tasty\\frontend\\src\\assets\\images\\Auth\\login.svg": {"path":"C:\\Users\\1\\Desktop\\Ucheba\\4_semestr\\tasty\\frontend\\src\\assets\\images\\Auth\\login.svg","statementMap":{"0":{"start":{"line":2,"column":14},"end":{"line":2,"column":30}},"1":{"start":{"line":4,"column":2},"end":{"line":7,"column":4}},"2":{"start":{"line":9,"column":0},"end":{"line":9,"column":26}}},"fnMap":{"0":{"name":"SvgLogin","decl":{"start":{"line":3,"column":9},"end":{"line":3,"column":17}},"loc":{"start":{"line":3,"column":25},"end":{"line":8,"column":1}},"line":3}},"branchMap":{},"s":{"0":1,"1":0,"2":1},"f":{"0":0},"b":{},"inputSourceMap":null,"_coverageSchema":"1a1c01bbd47fc00a2c39e90264f33305004495a9","hash":"b55528fadc97803e4599f7f32de2c246230c965d"}
,"C:\\Users\\1\\Desktop\\Ucheba\\4_semestr\\tasty\\frontend\\src\\assets\\images\\Auth\\register.svg": {"path":"C:\\Users\\1\\Desktop\\Ucheba\\4_semestr\\tasty\\frontend\\src\\assets\\images\\Auth\\register.svg","statementMap":{"0":{"start":{"line":2,"column":14},"end":{"line":2,"column":30}},"1":{"start":{"line":4,"column":2},"end":{"line":7,"column":4}},"2":{"start":{"line":9,"column":0},"end":{"line":9,"column":29}}},"fnMap":{"0":{"name":"SvgRegister","decl":{"start":{"line":3,"column":9},"end":{"line":3,"column":20}},"loc":{"start":{"line":3,"column":28},"end":{"line":8,"column":1}},"line":3}},"branchMap":{},"s":{"0":1,"1":0,"2":1},"f":{"0":0},"b":{},"inputSourceMap":null,"_coverageSchema":"1a1c01bbd47fc00a2c39e90264f33305004495a9","hash":"d4e53d6591c1388de3308b611f362d728250b7a2"}
,"C:\\Users\\1\\Desktop\\Ucheba\\4_semestr\\tasty\\frontend\\src\\components\\UI\\Spinner\\Spinner.js": {"path":"C:\\Users\\1\\Desktop\\Ucheba\\4_semestr\\tasty\\frontend\\src\\components\\UI\\Spinner\\Spinner.js","statementMap":{"0":{"start":{"line":5,"column":16},"end":{"line":14,"column":1}},"1":{"start":{"line":6,"column":4},"end":{"line":13,"column":10}}},"fnMap":{"0":{"name":"(anonymous_0)","decl":{"start":{"line":5,"column":16},"end":{"line":5,"column":17}},"loc":{"start":{"line":6,"column":4},"end":{"line":13,"column":10}},"line":6}},"branchMap":{},"s":{"0":2,"1":2},"f":{"0":2},"b":{},"_coverageSchema":"1a1c01bbd47fc00a2c39e90264f33305004495a9","hash":"8c04283df2dc4f16c17ae03fe943e3d7323e288a"}
,"C:\\Users\\1\\Desktop\\Ucheba\\4_semestr\\tasty\\frontend\\src\\config\\config.js": {"path":"C:\\Users\\1\\Desktop\\Ucheba\\4_semestr\\tasty\\frontend\\src\\config\\config.js","statementMap":{"0":{"start":{"line":1,"column":26},"end":{"line":1,"column":49}}},"fnMap":{},"branchMap":{},"s":{"0":2},"f":{},"b":{},"_coverageSchema":"1a1c01bbd47fc00a2c39e90264f33305004495a9","hash":"5b1c68ce7a23afeb646484bf7569f7489250f071"}
,"C:\\Users\\1\\Desktop\\Ucheba\\4_semestr\\tasty\\frontend\\src\\pages\\Auth\\Auth.js": {"path":"C:\\Users\\1\\Desktop\\Ucheba\\4_semestr\\tasty\\frontend\\src\\pages\\Auth\\Auth.js","statementMap":{"0":{"start":{"line":14,"column":13},"end":{"line":219,"column":1}},"1":{"start":{"line":16,"column":38},"end":{"line":16,"column":53}},"2":{"start":{"line":18,"column":40},"end":{"line":21,"column":6}},"3":{"start":{"line":23,"column":42},"end":{"line":29,"column":6}},"4":{"start":{"line":31,"column":32},"end":{"line":31,"column":46}},"5":{"start":{"line":32,"column":36},"end":{"line":32,"column":51}},"6":{"start":{"line":34,"column":25},"end":{"line":43,"column":5}},"7":{"start":{"line":35,"column":8},"end":{"line":35,"column":24}},"8":{"start":{"line":36,"column":8},"end":{"line":42,"column":9}},"9":{"start":{"line":37,"column":12},"end":{"line":37,"column":67}},"10":{"start":{"line":38,"column":9},"end":{"line":38,"column":64}},"11":{"start":{"line":39,"column":15},"end":{"line":42,"column":9}},"12":{"start":{"line":40,"column":12},"end":{"line":40,"column":69}},"13":{"start":{"line":41,"column":9},"end":{"line":41,"column":59}},"14":{"start":{"line":44,"column":26},"end":{"line":58,"column":5}},"15":{"start":{"line":45,"column":8},"end":{"line":57,"column":9}},"16":{"start":{"line":46,"column":33},"end":{"line":48,"column":13}},"17":{"start":{"line":49,"column":12},"end":{"line":49,"column":51}},"18":{"start":{"line":50,"column":12},"end":{"line":50,"column":39}},"19":{"start":{"line":51,"column":15},"end":{"line":57,"column":9}},"20":{"start":{"line":52,"column":34},"end":{"line":54,"column":13}},"21":{"start":{"line":55,"column":12},"end":{"line":55,"column":52}},"22":{"start":{"line":56,"column":12},"end":{"line":56,"column":41}},"23":{"start":{"line":60,"column":29},"end":{"line":62,"column":5}},"24":{"start":{"line":61,"column":8},"end":{"line":61,"column":31}},"25":{"start":{"line":64,"column":20},"end":{"line":78,"column":5}},"26":{"start":{"line":77,"column":8},"end":{"line":77,"column":36}},"27":{"start":{"line":80,"column":21},"end":{"line":94,"column":5}},"28":{"start":{"line":81,"column":8},"end":{"line":81,"column":23}},"29":{"start":{"line":82,"column":8},"end":{"line":82,"column":25}},"30":{"start":{"line":84,"column":8},"end":{"line":93,"column":11}},"31":{"start":{"line":86,"column":12},"end":{"line":86,"column":29}},"32":{"start":{"line":87,"column":12},"end":{"line":87,"column":27}},"33":{"start":{"line":88,"column":12},"end":{"line":88,"column":30}},"34":{"start":{"line":91,"column":12},"end":{"line":91,"column":48}},"35":{"start":{"line":92,"column":12},"end":{"line":92,"column":30}},"36":{"start":{"line":96,"column":27},"end":{"line":96,"column":90}},"37":{"start":{"line":98,"column":4},"end":{"line":218,"column":6}},"38":{"start":{"line":119,"column":45},"end":{"line":119,"column":67}},"39":{"start":{"line":126,"column":45},"end":{"line":126,"column":79}},"40":{"start":{"line":134,"column":49},"end":{"line":134,"column":86}},"41":{"start":{"line":164,"column":42},"end":{"line":164,"column":63}},"42":{"start":{"line":173,"column":45},"end":{"line":173,"column":79}},"43":{"start":{"line":179,"column":45},"end":{"line":179,"column":82}},"44":{"start":{"line":185,"column":45},"end":{"line":185,"column":80}},"45":{"start":{"line":193,"column":49},"end":{"line":193,"column":87}},"46":{"start":{"line":203,"column":45},"end":{"line":203,"column":89}}},"fnMap":{"0":{"name":"(anonymous_0)","decl":{"start":{"line":14,"column":13},"end":{"line":14,"column":14}},"loc":{"start":{"line":14,"column":24},"end":{"line":219,"column":1}},"line":14},"1":{"name":"(anonymous_1)","decl":{"start":{"line":34,"column":25},"end":{"line":34,"column":26}},"loc":{"start":{"line":34,"column":36},"end":{"line":43,"column":5}},"line":34},"2":{"name":"(anonymous_2)","decl":{"start":{"line":44,"column":26},"end":{"line":44,"column":27}},"loc":{"start":{"line":44,"column":52},"end":{"line":58,"column":5}},"line":44},"3":{"name":"(anonymous_3)","decl":{"start":{"line":60,"column":29},"end":{"line":60,"column":30}},"loc":{"start":{"line":60,"column":35},"end":{"line":62,"column":5}},"line":60},"4":{"name":"(anonymous_4)","decl":{"start":{"line":64,"column":20},"end":{"line":64,"column":21}},"loc":{"start":{"line":64,"column":26},"end":{"line":78,"column":5}},"line":64},"5":{"name":"(anonymous_5)","decl":{"start":{"line":80,"column":21},"end":{"line":80,"column":22}},"loc":{"start":{"line":80,"column":27},"end":{"line":94,"column":5}},"line":80},"6":{"name":"(anonymous_6)","decl":{"start":{"line":85,"column":14},"end":{"line":85,"column":15}},"loc":{"start":{"line":85,"column":21},"end":{"line":89,"column":9}},"line":85},"7":{"name":"(anonymous_7)","decl":{"start":{"line":90,"column":15},"end":{"line":90,"column":16}},"loc":{"start":{"line":90,"column":22},"end":{"line":93,"column":9}},"line":90},"8":{"name":"(anonymous_8)","decl":{"start":{"line":119,"column":41},"end":{"line":119,"column":42}},"loc":{"start":{"line":119,"column":45},"end":{"line":119,"column":67}},"line":119},"9":{"name":"(anonymous_9)","decl":{"start":{"line":126,"column":38},"end":{"line":126,"column":39}},"loc":{"start":{"line":126,"column":45},"end":{"line":126,"column":79}},"line":126},"10":{"name":"(anonymous_10)","decl":{"start":{"line":134,"column":42},"end":{"line":134,"column":43}},"loc":{"start":{"line":134,"column":49},"end":{"line":134,"column":86}},"line":134},"11":{"name":"(anonymous_11)","decl":{"start":{"line":164,"column":38},"end":{"line":164,"column":39}},"loc":{"start":{"line":164,"column":42},"end":{"line":164,"column":63}},"line":164},"12":{"name":"(anonymous_12)","decl":{"start":{"line":173,"column":38},"end":{"line":173,"column":39}},"loc":{"start":{"line":173,"column":45},"end":{"line":173,"column":79}},"line":173},"13":{"name":"(anonymous_13)","decl":{"start":{"line":179,"column":38},"end":{"line":179,"column":39}},"loc":{"start":{"line":179,"column":45},"end":{"line":179,"column":82}},"line":179},"14":{"name":"(anonymous_14)","decl":{"start":{"line":185,"column":38},"end":{"line":185,"column":39}},"loc":{"start":{"line":185,"column":45},"end":{"line":185,"column":80}},"line":185},"15":{"name":"(anonymous_15)","decl":{"start":{"line":193,"column":42},"end":{"line":193,"column":43}},"loc":{"start":{"line":193,"column":49},"end":{"line":193,"column":87}},"line":193},"16":{"name":"(anonymous_16)","decl":{"start":{"line":203,"column":38},"end":{"line":203,"column":39}},"loc":{"start":{"line":203,"column":45},"end":{"line":203,"column":89}},"line":203},"17":{"name":"(anonymous_17)","decl":{"start":{"line":209,"column":65},"end":{"line":209,"column":66}},"loc":{"start":{"line":209,"column":69},"end":{"line":209,"column":71}},"line":209}},"branchMap":{"0":{"loc":{"start":{"line":36,"column":8},"end":{"line":42,"column":9}},"type":"if","locations":[{"start":{"line":36,"column":8},"end":{"line":42,"column":9}},{"start":{"line":36,"column":8},"end":{"line":42,"column":9}}],"line":36},"1":{"loc":{"start":{"line":39,"column":15},"end":{"line":42,"column":9}},"type":"if","locations":[{"start":{"line":39,"column":15},"end":{"line":42,"column":9}},{"start":{"line":39,"column":15},"end":{"line":42,"column":9}}],"line":39},"2":{"loc":{"start":{"line":45,"column":8},"end":{"line":57,"column":9}},"type":"if","locations":[{"start":{"line":45,"column":8},"end":{"line":57,"column":9}},{"start":{"line":45,"column":8},"end":{"line":57,"column":9}}],"line":45},"3":{"loc":{"start":{"line":51,"column":15},"end":{"line":57,"column":9}},"type":"if","locations":[{"start":{"line":51,"column":15},"end":{"line":57,"column":9}},{"start":{"line":51,"column":15},"end":{"line":57,"column":9}}],"line":51},"4":{"loc":{"start":{"line":101,"column":13},"end":{"line":101,"column":35}},"type":"binary-expr","locations":[{"start":{"line":101,"column":13},"end":{"line":101,"column":20}},{"start":{"line":101,"column":24},"end":{"line":101,"column":35}}],"line":101},"5":{"loc":{"start":{"line":105,"column":21},"end":{"line":151,"column":23}},"type":"binary-expr","locations":[{"start":{"line":105,"column":21},"end":{"line":105,"column":29}},{"start":{"line":106,"column":20},"end":{"line":151,"column":23}}],"line":105},"6":{"loc":{"start":{"line":136,"column":38},"end":{"line":136,"column":68}},"type":"cond-expr","locations":[{"start":{"line":136,"column":49},"end":{"line":136,"column":55}},{"start":{"line":136,"column":58},"end":{"line":136,"column":68}}],"line":136},"7":{"loc":{"start":{"line":140,"column":42},"end":{"line":140,"column":72}},"type":"cond-expr","locations":[{"start":{"line":140,"column":53},"end":{"line":140,"column":60}},{"start":{"line":140,"column":63},"end":{"line":140,"column":72}}],"line":140},"8":{"loc":{"start":{"line":143,"column":25},"end":{"line":143,"column":48}},"type":"binary-expr","locations":[{"start":{"line":143,"column":25},"end":{"line":143,"column":30}},{"start":{"line":143,"column":34},"end":{"line":143,"column":48}}],"line":143},"9":{"loc":{"start":{"line":156,"column":21},"end":{"line":214,"column":23}},"type":"binary-expr","locations":[{"start":{"line":156,"column":21},"end":{"line":156,"column":29}},{"start":{"line":157,"column":20},"end":{"line":214,"column":23}}],"line":156},"10":{"loc":{"start":{"line":195,"column":38},"end":{"line":195,"column":68}},"type":"cond-expr","locations":[{"start":{"line":195,"column":49},"end":{"line":195,"column":55}},{"start":{"line":195,"column":58},"end":{"line":195,"column":68}}],"line":195},"11":{"loc":{"start":{"line":198,"column":42},"end":{"line":198,"column":72}},"type":"cond-expr","locations":[{"start":{"line":198,"column":53},"end":{"line":198,"column":60}},{"start":{"line":198,"column":63},"end":{"line":198,"column":72}}],"line":198},"12":{"loc":{"start":{"line":207,"column":25},"end":{"line":207,"column":48}},"type":"binary-expr","locations":[{"start":{"line":207,"column":25},"end":{"line":207,"column":30}},{"start":{"line":207,"column":34},"end":{"line":207,"column":48}}],"line":207},"13":{"loc":{"start":{"line":209,"column":37},"end":{"line":209,"column":71}},"type":"cond-expr","locations":[{"start":{"line":209,"column":54},"end":{"line":209,"column":62}},{"start":{"line":209,"column":65},"end":{"line":209,"column":71}}],"line":209},"14":{"loc":{"start":{"line":210,"column":39},"end":{"line":210,"column":84}},"type":"cond-expr","locations":[{"start":{"line":210,"column":56},"end":{"line":210,"column":64}},{"start":{"line":210,"column":67},"end":{"line":210,"column":84}}],"line":210}},"s":{"0":1,"1":8,"2":8,"3":8,"4":8,"5":8,"6":8,"7":0,"8":0,"9":0,"10":0,"11":0,"12":0,"13":0,"14":8,"15":2,"16":1,"17":1,"18":1,"19":1,"20":1,"21":1,"22":1,"23":8,"24":1,"25":8,"26":1,"27":8,"28":0,"29":0,"30":0,"31":0,"32":0,"33":0,"34":0,"35":0,"36":8,"37":8,"38":0,"39":1,"40":0,"41":0,"42":0,"43":0,"44":1,"45":0,"46":0},"f":{"0":8,"1":0,"2":2,"3":1,"4":1,"5":0,"6":0,"7":0,"8":0,"9":1,"10":0,"11":0,"12":0,"13":0,"14":1,"15":0,"16":0,"17":0},"b":{"0":[0,0],"1":[0,0],"2":[1,1],"3":[1,0],"4":[8,0],"5":[8,8],"6":[1,7],"7":[1,7],"8":[8,0],"9":[8,8],"10":[1,7],"11":[1,7],"12":[8,0],"13":[8,0],"14":[8,0]},"_coverageSchema":"1a1c01bbd47fc00a2c39e90264f33305004495a9","hash":"dcbdb6f76aa76e551a8cc1c8e8e54a7a773e229e"}
,"C:\\Users\\1\\Desktop\\Ucheba\\4_semestr\\tasty\\frontend\\src\\tools\\useDateApi.js": {"path":"C:\\Users\\1\\Desktop\\Ucheba\\4_semestr\\tasty\\frontend\\src\\tools\\useDateApi.js","statementMap":{"0":{"start":{"line":5,"column":19},"end":{"line":50,"column":1}},"1":{"start":{"line":6,"column":30},"end":{"line":6,"column":44}},"2":{"start":{"line":7,"column":28},"end":{"line":7,"column":48}},"3":{"start":{"line":8,"column":40},"end":{"line":8,"column":55}},"4":{"start":{"line":9,"column":36},"end":{"line":9,"column":51}},"5":{"start":{"line":11,"column":4},"end":{"line":42,"column":14}},"6":{"start":{"line":12,"column":22},"end":{"line":39,"column":9}},"7":{"start":{"line":13,"column":12},"end":{"line":13,"column":30}},"8":{"start":{"line":14,"column":12},"end":{"line":14,"column":31}},"9":{"start":{"line":16,"column":12},"end":{"line":37,"column":13}},"10":{"start":{"line":18,"column":16},"end":{"line":28,"column":17}},"11":{"start":{"line":20,"column":24},"end":{"line":20,"column":89}},"12":{"start":{"line":21,"column":24},"end":{"line":21,"column":30}},"13":{"start":{"line":24,"column":24},"end":{"line":24,"column":103}},"14":{"start":{"line":25,"column":24},"end":{"line":25,"column":30}},"15":{"start":{"line":27,"column":29},"end":{"line":27,"column":35}},"16":{"start":{"line":29,"column":16},"end":{"line":29,"column":37}},"17":{"start":{"line":32,"column":16},"end":{"line":36,"column":17}},"18":{"start":{"line":33,"column":20},"end":{"line":33,"column":60}},"19":{"start":{"line":35,"column":20},"end":{"line":35,"column":37}},"20":{"start":{"line":38,"column":12},"end":{"line":38,"column":32}},"21":{"start":{"line":41,"column":8},"end":{"line":41,"column":16}},"22":{"start":{"line":44,"column":4},"end":{"line":49,"column":6}}},"fnMap":{"0":{"name":"(anonymous_0)","decl":{"start":{"line":5,"column":19},"end":{"line":5,"column":20}},"loc":{"start":{"line":5,"column":79},"end":{"line":50,"column":1}},"line":5},"1":{"name":"(anonymous_1)","decl":{"start":{"line":11,"column":14},"end":{"line":11,"column":15}},"loc":{"start":{"line":11,"column":20},"end":{"line":42,"column":5}},"line":11},"2":{"name":"(anonymous_2)","decl":{"start":{"line":12,"column":22},"end":{"line":12,"column":23}},"loc":{"start":{"line":12,"column":34},"end":{"line":39,"column":9}},"line":12}},"branchMap":{"0":{"loc":{"start":{"line":5,"column":40},"end":{"line":5,"column":58}},"type":"default-arg","locations":[{"start":{"line":5,"column":54},"end":{"line":5,"column":58}}],"line":5},"1":{"loc":{"start":{"line":5,"column":60},"end":{"line":5,"column":74}},"type":"default-arg","locations":[{"start":{"line":5,"column":70},"end":{"line":5,"column":74}}],"line":5},"2":{"loc":{"start":{"line":18,"column":16},"end":{"line":28,"column":17}},"type":"switch","locations":[{"start":{"line":19,"column":20},"end":{"line":22,"column":21}},{"start":{"line":23,"column":20},"end":{"line":26,"column":21}},{"start":{"line":27,"column":20},"end":{"line":27,"column":35}}],"line":18},"3":{"loc":{"start":{"line":32,"column":16},"end":{"line":36,"column":17}},"type":"if","locations":[{"start":{"line":32,"column":16},"end":{"line":36,"column":17}},{"start":{"line":32,"column":16},"end":{"line":36,"column":17}}],"line":32},"4":{"loc":{"start":{"line":32,"column":20},"end":{"line":32,"column":88}},"type":"binary-expr","locations":[{"start":{"line":32,"column":20},"end":{"line":32,"column":34}},{"start":{"line":32,"column":38},"end":{"line":32,"column":57}},{"start":{"line":32,"column":61},"end":{"line":32,"column":88}}],"line":32}},"s":{"0":1,"1":2,"2":2,"3":2,"4":2,"5":2,"6":1,"7":1,"8":1,"9":1,"10":1,"11":1,"12":0,"13":0,"14":0,"15":0,"16":0,"17":0,"18":0,"19":0,"20":0,"21":1,"22":2},"f":{"0":2,"1":1,"2":1},"b":{"0":[0],"1":[0],"2":[1,0,0],"3":[0,0],"4":[0,0,0]},"_coverageSchema":"1a1c01bbd47fc00a2c39e90264f33305004495a9","hash":"63ec70f4a75672f9565ca9f2daefbe35a883c87c"}
}
