{"C:\\Users\\1\\Desktop\\Ucheba\\4_semestr\\tasty\\frontend\\src\\assets\\images\\Auth\\eye.svg": {"path":"C:\\Users\\1\\Desktop\\Ucheba\\4_semestr\\tasty\\frontend\\src\\assets\\images\\Auth\\eye.svg","statementMap":{"0":{"start":{"line":2,"column":14},"end":{"line":2,"column":30}},"1":{"start":{"line":4,"column":2},"end":{"line":7,"column":4}},"2":{"start":{"line":9,"column":0},"end":{"line":9,"column":24}}},"fnMap":{"0":{"name":"SvgEye","decl":{"start":{"line":3,"column":9},"end":{"line":3,"column":15}},"loc":{"start":{"line":3,"column":23},"end":{"line":8,"column":1}},"line":3}},"branchMap":{},"s":{"0":1,"1":0,"2":1},"f":{"0":0},"b":{},"inputSourceMap":null,"_coverageSchema":"1a1c01bbd47fc00a2c39e90264f33305004495a9","hash":"3cd456486a0daaef93308b152233d605f9e849fe"}
,"C:\\Users\\1\\Desktop\\Ucheba\\4_semestr\\tasty\\frontend\\src\\assets\\images\\Auth\\eyeClosed.svg": {"path":"C:\\Users\\1\\Desktop\\Ucheba\\4_semestr\\tasty\\frontend\\src\\assets\\images\\Auth\\eyeClosed.svg","statementMap":{"0":{"start":{"line":2,"column":14},"end":{"line":2,"column":30}},"1":{"start":{"line":4,"column":2},"end":{"line":7,"column":4}},"2":{"start":{"line":9,"column":0},"end":{"line":9,"column":30}}},"fnMap":{"0":{"name":"SvgEyeClosed","decl":{"start":{"line":3,"column":9},"end":{"line":3,"column":21}},"loc":{"start":{"line":3,"column":29},"end":{"line":8,"column":1}},"line":3}},"branchMap":{},"s":{"0":1,"1":0,"2":1},"f":{"0":0},"b":{},"inputSourceMap":null,"_coverageSchema":"1a1c01bbd47fc00a2c39e90264f33305004495a9","hash":"4848cf9f5383cea981e01d2acbe49ea09d14c3ec"}
,"C:\\Users\\1\\Desktop\\Ucheba\\4_semestr\\tasty\\frontend\\src\\assets\\images\\Auth\\login.svg": {"path":"C:\\Users\\1\\Desktop\\Ucheba\\4_semestr\\tasty\\frontend\\src\\assets\\images\\Auth\\login.svg","statementMap":{"0":{"start":{"line":2,"column":14},"end":{"line":2,"column":30}},"1":{"start":{"line":4,"column":2},"end":{"line":7,"column":4}},"2":{"start":{"line":9,"column":0},"end":{"line":9,"column":26}}},"fnMap":{"0":{"name":"SvgLogin","decl":{"start":{"line":3,"column":9},"end":{"line":3,"column":17}},"loc":{"start":{"line":3,"column":25},"end":{"line":8,"column":1}},"line":3}},"branchMap":{},"s":{"0":1,"1":0,"2":1},"f":{"0":0},"b":{},"inputSourceMap":null,"_coverageSchema":"1a1c01bbd47fc00a2c39e90264f33305004495a9","hash":"b55528fadc97803e4599f7f32de2c246230c965d"}
,"C:\\Users\\1\\Desktop\\Ucheba\\4_semestr\\tasty\\frontend\\src\\assets\\images\\Auth\\register.svg": {"path":"C:\\Users\\1\\Desktop\\Ucheba\\4_semestr\\tasty\\frontend\\src\\assets\\images\\Auth\\register.svg","statementMap":{"0":{"start":{"line":2,"column":14},"end":{"line":2,"column":30}},"1":{"start":{"line":4,"column":2},"end":{"line":7,"column":4}},"2":{"start":{"line":9,"column":0},"end":{"line":9,"column":29}}},"fnMap":{"0":{"name":"SvgRegister","decl":{"start":{"line":3,"column":9},"end":{"line":3,"column":20}},"loc":{"start":{"line":3,"column":28},"end":{"line":8,"column":1}},"line":3}},"branchMap":{},"s":{"0":1,"1":0,"2":1},"f":{"0":0},"b":{},"inputSourceMap":null,"_coverageSchema":"1a1c01bbd47fc00a2c39e90264f33305004495a9","hash":"d4e53d6591c1388de3308b611f362d728250b7a2"}
,"C:\\Users\\1\\Desktop\\Ucheba\\4_semestr\\tasty\\frontend\\src\\components\\UI\\Spinner\\Spinner.js": {"path":"C:\\Users\\1\\Desktop\\Ucheba\\4_semestr\\tasty\\frontend\\src\\components\\UI\\Spinner\\Spinner.js","statementMap":{"0":{"start":{"line":5,"column":16},"end":{"line":14,"column":1}},"1":{"start":{"line":6,"column":4},"end":{"line":13,"column":10}}},"fnMap":{"0":{"name":"(anonymous_0)","decl":{"start":{"line":5,"column":16},"end":{"line":5,"column":17}},"loc":{"start":{"line":6,"column":4},"end":{"line":13,"column":10}},"line":6}},"branchMap":{},"s":{"0":2,"1":2},"f":{"0":2},"b":{},"_coverageSchema":"1a1c01bbd47fc00a2c39e90264f33305004495a9","hash":"8c04283df2dc4f16c17ae03fe943e3d7323e288a"}
,"C:\\Users\\1\\Desktop\\Ucheba\\4_semestr\\tasty\\frontend\\src\\config\\config.js": {"path":"C:\\Users\\1\\Desktop\\Ucheba\\4_semestr\\tasty\\frontend\\src\\config\\config.js","statementMap":{"0":{"start":{"line":1,"column":26},"end":{"line":1,"column":49}}},"fnMap":{},"branchMap":{},"s":{"0":1},"f":{},"b":{},"_coverageSchema":"1a1c01bbd47fc00a2c39e90264f33305004495a9","hash":"5b1c68ce7a23afeb646484bf7569f7489250f071"}
,"C:\\Users\\1\\Desktop\\Ucheba\\4_semestr\\tasty\\frontend\\src\\pages\\Auth\\Auth.js": {"path":"C:\\Users\\1\\Desktop\\Ucheba\\4_semestr\\tasty\\frontend\\src\\pages\\Auth\\Auth.js","statementMap":{"0":{"start":{"line":14,"column":13},"end":{"line":220,"column":1}},"1":{"start":{"line":16,"column":38},"end":{"line":16,"column":53}},"2":{"start":{"line":18,"column":40},"end":{"line":21,"column":6}},"3":{"start":{"line":23,"column":42},"end":{"line":29,"column":6}},"4":{"start":{"line":31,"column":32},"end":{"line":31,"column":46}},"5":{"start":{"line":32,"column":36},"end":{"line":32,"column":51}},"6":{"start":{"line":34,"column":25},"end":{"line":43,"column":5}},"7":{"start":{"line":35,"column":8},"end":{"line":35,"column":24}},"8":{"start":{"line":36,"column":8},"end":{"line":42,"column":9}},"9":{"start":{"line":37,"column":12},"end":{"line":37,"column":67}},"10":{"start":{"line":38,"column":9},"end":{"line":38,"column":64}},"11":{"start":{"line":39,"column":15},"end":{"line":42,"column":9}},"12":{"start":{"line":40,"column":12},"end":{"line":40,"column":69}},"13":{"start":{"line":41,"column":9},"end":{"line":41,"column":59}},"14":{"start":{"line":44,"column":26},"end":{"line":58,"column":5}},"15":{"start":{"line":45,"column":8},"end":{"line":57,"column":9}},"16":{"start":{"line":46,"column":33},"end":{"line":48,"column":13}},"17":{"start":{"line":49,"column":12},"end":{"line":49,"column":51}},"18":{"start":{"line":50,"column":12},"end":{"line":50,"column":39}},"19":{"start":{"line":51,"column":15},"end":{"line":57,"column":9}},"20":{"start":{"line":52,"column":34},"end":{"line":54,"column":13}},"21":{"start":{"line":55,"column":12},"end":{"line":55,"column":52}},"22":{"start":{"line":56,"column":12},"end":{"line":56,"column":41}},"23":{"start":{"line":60,"column":29},"end":{"line":62,"column":5}},"24":{"start":{"line":61,"column":8},"end":{"line":61,"column":31}},"25":{"start":{"line":64,"column":20},"end":{"line":77,"column":5}},"26":{"start":{"line":65,"column":8},"end":{"line":65,"column":23}},"27":{"start":{"line":66,"column":8},"end":{"line":66,"column":25}},"28":{"start":{"line":68,"column":8},"end":{"line":76,"column":11}},"29":{"start":{"line":70,"column":12},"end":{"line":70,"column":29}},"30":{"start":{"line":71,"column":12},"end":{"line":71,"column":30}},"31":{"start":{"line":74,"column":12},"end":{"line":74,"column":48}},"32":{"start":{"line":75,"column":12},"end":{"line":75,"column":30}},"33":{"start":{"line":79,"column":21},"end":{"line":93,"column":5}},"34":{"start":{"line":80,"column":8},"end":{"line":80,"column":23}},"35":{"start":{"line":81,"column":8},"end":{"line":81,"column":25}},"36":{"start":{"line":83,"column":8},"end":{"line":92,"column":11}},"37":{"start":{"line":85,"column":12},"end":{"line":85,"column":29}},"38":{"start":{"line":86,"column":12},"end":{"line":86,"column":27}},"39":{"start":{"line":87,"column":12},"end":{"line":87,"column":30}},"40":{"start":{"line":90,"column":12},"end":{"line":90,"column":48}},"41":{"start":{"line":91,"column":12},"end":{"line":91,"column":30}},"42":{"start":{"line":95,"column":4},"end":{"line":95,"column":32}},"43":{"start":{"line":97,"column":27},"end":{"line":97,"column":90}},"44":{"start":{"line":99,"column":4},"end":{"line":219,"column":6}},"45":{"start":{"line":120,"column":45},"end":{"line":120,"column":67}},"46":{"start":{"line":127,"column":45},"end":{"line":127,"column":79}},"47":{"start":{"line":135,"column":49},"end":{"line":135,"column":86}},"48":{"start":{"line":165,"column":42},"end":{"line":165,"column":63}},"49":{"start":{"line":174,"column":45},"end":{"line":174,"column":79}},"50":{"start":{"line":180,"column":45},"end":{"line":180,"column":82}},"51":{"start":{"line":186,"column":45},"end":{"line":186,"column":80}},"52":{"start":{"line":194,"column":49},"end":{"line":194,"column":87}},"53":{"start":{"line":204,"column":45},"end":{"line":204,"column":89}}},"fnMap":{"0":{"name":"(anonymous_0)","decl":{"start":{"line":14,"column":13},"end":{"line":14,"column":14}},"loc":{"start":{"line":14,"column":24},"end":{"line":220,"column":1}},"line":14},"1":{"name":"(anonymous_1)","decl":{"start":{"line":34,"column":25},"end":{"line":34,"column":26}},"loc":{"start":{"line":34,"column":36},"end":{"line":43,"column":5}},"line":34},"2":{"name":"(anonymous_2)","decl":{"start":{"line":44,"column":26},"end":{"line":44,"column":27}},"loc":{"start":{"line":44,"column":52},"end":{"line":58,"column":5}},"line":44},"3":{"name":"(anonymous_3)","decl":{"start":{"line":60,"column":29},"end":{"line":60,"column":30}},"loc":{"start":{"line":60,"column":35},"end":{"line":62,"column":5}},"line":60},"4":{"name":"(anonymous_4)","decl":{"start":{"line":64,"column":20},"end":{"line":64,"column":21}},"loc":{"start":{"line":64,"column":26},"end":{"line":77,"column":5}},"line":64},"5":{"name":"(anonymous_5)","decl":{"start":{"line":69,"column":14},"end":{"line":69,"column":15}},"loc":{"start":{"line":69,"column":21},"end":{"line":72,"column":9}},"line":69},"6":{"name":"(anonymous_6)","decl":{"start":{"line":73,"column":15},"end":{"line":73,"column":16}},"loc":{"start":{"line":73,"column":22},"end":{"line":76,"column":9}},"line":73},"7":{"name":"(anonymous_7)","decl":{"start":{"line":79,"column":21},"end":{"line":79,"column":22}},"loc":{"start":{"line":79,"column":27},"end":{"line":93,"column":5}},"line":79},"8":{"name":"(anonymous_8)","decl":{"start":{"line":84,"column":14},"end":{"line":84,"column":15}},"loc":{"start":{"line":84,"column":21},"end":{"line":88,"column":9}},"line":84},"9":{"name":"(anonymous_9)","decl":{"start":{"line":89,"column":15},"end":{"line":89,"column":16}},"loc":{"start":{"line":89,"column":22},"end":{"line":92,"column":9}},"line":89},"10":{"name":"(anonymous_10)","decl":{"start":{"line":120,"column":41},"end":{"line":120,"column":42}},"loc":{"start":{"line":120,"column":45},"end":{"line":120,"column":67}},"line":120},"11":{"name":"(anonymous_11)","decl":{"start":{"line":127,"column":38},"end":{"line":127,"column":39}},"loc":{"start":{"line":127,"column":45},"end":{"line":127,"column":79}},"line":127},"12":{"name":"(anonymous_12)","decl":{"start":{"line":135,"column":42},"end":{"line":135,"column":43}},"loc":{"start":{"line":135,"column":49},"end":{"line":135,"column":86}},"line":135},"13":{"name":"(anonymous_13)","decl":{"start":{"line":165,"column":38},"end":{"line":165,"column":39}},"loc":{"start":{"line":165,"column":42},"end":{"line":165,"column":63}},"line":165},"14":{"name":"(anonymous_14)","decl":{"start":{"line":174,"column":38},"end":{"line":174,"column":39}},"loc":{"start":{"line":174,"column":45},"end":{"line":174,"column":79}},"line":174},"15":{"name":"(anonymous_15)","decl":{"start":{"line":180,"column":38},"end":{"line":180,"column":39}},"loc":{"start":{"line":180,"column":45},"end":{"line":180,"column":82}},"line":180},"16":{"name":"(anonymous_16)","decl":{"start":{"line":186,"column":38},"end":{"line":186,"column":39}},"loc":{"start":{"line":186,"column":45},"end":{"line":186,"column":80}},"line":186},"17":{"name":"(anonymous_17)","decl":{"start":{"line":194,"column":42},"end":{"line":194,"column":43}},"loc":{"start":{"line":194,"column":49},"end":{"line":194,"column":87}},"line":194},"18":{"name":"(anonymous_18)","decl":{"start":{"line":204,"column":38},"end":{"line":204,"column":39}},"loc":{"start":{"line":204,"column":45},"end":{"line":204,"column":89}},"line":204},"19":{"name":"(anonymous_19)","decl":{"start":{"line":210,"column":65},"end":{"line":210,"column":66}},"loc":{"start":{"line":210,"column":69},"end":{"line":210,"column":71}},"line":210}},"branchMap":{"0":{"loc":{"start":{"line":36,"column":8},"end":{"line":42,"column":9}},"type":"if","locations":[{"start":{"line":36,"column":8},"end":{"line":42,"column":9}},{"start":{"line":36,"column":8},"end":{"line":42,"column":9}}],"line":36},"1":{"loc":{"start":{"line":39,"column":15},"end":{"line":42,"column":9}},"type":"if","locations":[{"start":{"line":39,"column":15},"end":{"line":42,"column":9}},{"start":{"line":39,"column":15},"end":{"line":42,"column":9}}],"line":39},"2":{"loc":{"start":{"line":45,"column":8},"end":{"line":57,"column":9}},"type":"if","locations":[{"start":{"line":45,"column":8},"end":{"line":57,"column":9}},{"start":{"line":45,"column":8},"end":{"line":57,"column":9}}],"line":45},"3":{"loc":{"start":{"line":51,"column":15},"end":{"line":57,"column":9}},"type":"if","locations":[{"start":{"line":51,"column":15},"end":{"line":57,"column":9}},{"start":{"line":51,"column":15},"end":{"line":57,"column":9}}],"line":51},"4":{"loc":{"start":{"line":102,"column":13},"end":{"line":102,"column":35}},"type":"binary-expr","locations":[{"start":{"line":102,"column":13},"end":{"line":102,"column":20}},{"start":{"line":102,"column":24},"end":{"line":102,"column":35}}],"line":102},"5":{"loc":{"start":{"line":106,"column":21},"end":{"line":152,"column":23}},"type":"binary-expr","locations":[{"start":{"line":106,"column":21},"end":{"line":106,"column":29}},{"start":{"line":107,"column":20},"end":{"line":152,"column":23}}],"line":106},"6":{"loc":{"start":{"line":137,"column":38},"end":{"line":137,"column":68}},"type":"cond-expr","locations":[{"start":{"line":137,"column":49},"end":{"line":137,"column":55}},{"start":{"line":137,"column":58},"end":{"line":137,"column":68}}],"line":137},"7":{"loc":{"start":{"line":141,"column":42},"end":{"line":141,"column":72}},"type":"cond-expr","locations":[{"start":{"line":141,"column":53},"end":{"line":141,"column":60}},{"start":{"line":141,"column":63},"end":{"line":141,"column":72}}],"line":141},"8":{"loc":{"start":{"line":144,"column":25},"end":{"line":144,"column":48}},"type":"binary-expr","locations":[{"start":{"line":144,"column":25},"end":{"line":144,"column":30}},{"start":{"line":144,"column":34},"end":{"line":144,"column":48}}],"line":144},"9":{"loc":{"start":{"line":157,"column":21},"end":{"line":215,"column":23}},"type":"binary-expr","locations":[{"start":{"line":157,"column":21},"end":{"line":157,"column":29}},{"start":{"line":158,"column":20},"end":{"line":215,"column":23}}],"line":157},"10":{"loc":{"start":{"line":196,"column":38},"end":{"line":196,"column":68}},"type":"cond-expr","locations":[{"start":{"line":196,"column":49},"end":{"line":196,"column":55}},{"start":{"line":196,"column":58},"end":{"line":196,"column":68}}],"line":196},"11":{"loc":{"start":{"line":199,"column":42},"end":{"line":199,"column":72}},"type":"cond-expr","locations":[{"start":{"line":199,"column":53},"end":{"line":199,"column":60}},{"start":{"line":199,"column":63},"end":{"line":199,"column":72}}],"line":199},"12":{"loc":{"start":{"line":208,"column":25},"end":{"line":208,"column":48}},"type":"binary-expr","locations":[{"start":{"line":208,"column":25},"end":{"line":208,"column":30}},{"start":{"line":208,"column":34},"end":{"line":208,"column":48}}],"line":208},"13":{"loc":{"start":{"line":210,"column":37},"end":{"line":210,"column":71}},"type":"cond-expr","locations":[{"start":{"line":210,"column":54},"end":{"line":210,"column":62}},{"start":{"line":210,"column":65},"end":{"line":210,"column":71}}],"line":210},"14":{"loc":{"start":{"line":211,"column":39},"end":{"line":211,"column":84}},"type":"cond-expr","locations":[{"start":{"line":211,"column":56},"end":{"line":211,"column":64}},{"start":{"line":211,"column":67},"end":{"line":211,"column":84}}],"line":211}},"s":{"0":1,"1":10,"2":10,"3":10,"4":10,"5":10,"6":10,"7":0,"8":0,"9":0,"10":0,"11":0,"12":0,"13":0,"14":10,"15":2,"16":1,"17":1,"18":1,"19":1,"20":1,"21":1,"22":1,"23":10,"24":1,"25":10,"26":1,"27":1,"28":1,"29":0,"30":0,"31":0,"32":0,"33":10,"34":0,"35":0,"36":0,"37":0,"38":0,"39":0,"40":0,"41":0,"42":10,"43":10,"44":10,"45":0,"46":1,"47":0,"48":0,"49":0,"50":0,"51":1,"52":0,"53":0},"f":{"0":10,"1":0,"2":2,"3":1,"4":1,"5":0,"6":0,"7":0,"8":0,"9":0,"10":0,"11":1,"12":0,"13":0,"14":0,"15":0,"16":1,"17":0,"18":0,"19":0},"b":{"0":[0,0],"1":[0,0],"2":[1,1],"3":[1,0],"4":[10,1],"5":[10,9],"6":[1,8],"7":[1,8],"8":[9,0],"9":[10,9],"10":[1,8],"11":[1,8],"12":[9,0],"13":[9,0],"14":[9,0]},"_coverageSchema":"1a1c01bbd47fc00a2c39e90264f33305004495a9","hash":"f548baf2dfa83202f902bd132b906b131a72611f"}
}
