TN:
SF:src\assets\images\Auth\eye.svg
FN:3,SvgEye
FNF:1
FNH:0
FNDA:0,SvgEye
DA:2,1
DA:4,0
DA:9,1
LF:3
LH:2
BRF:0
BRH:0
end_of_record
TN:
SF:src\assets\images\Auth\eyeClosed.svg
FN:3,SvgEyeClosed
FNF:1
FNH:0
FNDA:0,SvgEyeClosed
DA:2,1
DA:4,0
DA:9,1
LF:3
LH:2
BRF:0
BRH:0
end_of_record
TN:
SF:src\assets\images\Auth\login.svg
FN:3,SvgLogin
FNF:1
FNH:0
FNDA:0,SvgLogin
DA:2,1
DA:4,0
DA:9,1
LF:3
LH:2
BRF:0
BRH:0
end_of_record
TN:
SF:src\assets\images\Auth\register.svg
FN:3,SvgRegister
FNF:1
FNH:0
FNDA:0,SvgRegister
DA:2,1
DA:4,0
DA:9,1
LF:3
LH:2
BRF:0
BRH:0
end_of_record
TN:
SF:src\components\UI\Spinner\Spinner.js
FN:5,(anonymous_0)
FNF:1
FNH:1
FNDA:2,(anonymous_0)
DA:5,2
DA:6,2
LF:2
LH:2
BRF:0
BRH:0
end_of_record
TN:
SF:src\config\config.js
FNF:0
FNH:0
DA:1,1
LF:1
LH:1
BRF:0
BRH:0
end_of_record
TN:
SF:src\pages\Auth\Auth.js
FN:14,(anonymous_0)
FN:34,(anonymous_1)
FN:44,(anonymous_2)
FN:60,(anonymous_3)
FN:64,(anonymous_4)
FN:69,(anonymous_5)
FN:73,(anonymous_6)
FN:79,(anonymous_7)
FN:84,(anonymous_8)
FN:89,(anonymous_9)
FN:120,(anonymous_10)
FN:127,(anonymous_11)
FN:135,(anonymous_12)
FN:165,(anonymous_13)
FN:174,(anonymous_14)
FN:180,(anonymous_15)
FN:186,(anonymous_16)
FN:194,(anonymous_17)
FN:204,(anonymous_18)
FN:210,(anonymous_19)
FNF:20
FNH:6
FNDA:10,(anonymous_0)
FNDA:0,(anonymous_1)
FNDA:2,(anonymous_2)
FNDA:1,(anonymous_3)
FNDA:1,(anonymous_4)
FNDA:0,(anonymous_5)
FNDA:0,(anonymous_6)
FNDA:0,(anonymous_7)
FNDA:0,(anonymous_8)
FNDA:0,(anonymous_9)
FNDA:0,(anonymous_10)
FNDA:1,(anonymous_11)
FNDA:0,(anonymous_12)
FNDA:0,(anonymous_13)
FNDA:0,(anonymous_14)
FNDA:0,(anonymous_15)
FNDA:1,(anonymous_16)
FNDA:0,(anonymous_17)
FNDA:0,(anonymous_18)
FNDA:0,(anonymous_19)
DA:14,1
DA:16,10
DA:18,10
DA:23,10
DA:31,10
DA:32,10
DA:34,10
DA:35,0
DA:36,0
DA:37,0
DA:38,0
DA:39,0
DA:40,0
DA:41,0
DA:44,10
DA:45,2
DA:46,1
DA:49,1
DA:50,1
DA:51,1
DA:52,1
DA:55,1
DA:56,1
DA:60,10
DA:61,1
DA:64,10
DA:65,1
DA:66,1
DA:68,1
DA:70,0
DA:71,0
DA:74,0
DA:75,0
DA:79,10
DA:80,0
DA:81,0
DA:83,0
DA:85,0
DA:86,0
DA:87,0
DA:90,0
DA:91,0
DA:95,10
DA:97,10
DA:99,10
DA:120,0
DA:127,1
DA:135,0
DA:165,0
DA:174,0
DA:180,0
DA:186,1
DA:194,0
DA:204,0
LF:54
LH:28
BRDA:36,0,0,0
BRDA:36,0,1,0
BRDA:39,1,0,0
BRDA:39,1,1,0
BRDA:45,2,0,1
BRDA:45,2,1,1
BRDA:51,3,0,1
BRDA:51,3,1,0
BRDA:102,4,0,10
BRDA:102,4,1,1
BRDA:106,5,0,10
BRDA:106,5,1,9
BRDA:137,6,0,1
BRDA:137,6,1,8
BRDA:141,7,0,1
BRDA:141,7,1,8
BRDA:144,8,0,9
BRDA:144,8,1,0
BRDA:157,9,0,10
BRDA:157,9,1,9
BRDA:196,10,0,1
BRDA:196,10,1,8
BRDA:199,11,0,1
BRDA:199,11,1,8
BRDA:208,12,0,9
BRDA:208,12,1,0
BRDA:210,13,0,9
BRDA:210,13,1,0
BRDA:211,14,0,9
BRDA:211,14,1,0
BRF:30
BRH:21
end_of_record
