TN:
SF:src\assets\images\Auth\eye.svg
FN:3,SvgEye
FNF:1
FNH:0
FNDA:0,SvgEye
DA:2,1
DA:4,0
DA:9,1
LF:3
LH:2
BRF:0
BRH:0
end_of_record
TN:
SF:src\assets\images\Auth\eyeClosed.svg
FN:3,SvgEyeClosed
FNF:1
FNH:0
FNDA:0,SvgEyeClosed
DA:2,1
DA:4,0
DA:9,1
LF:3
LH:2
BRF:0
BRH:0
end_of_record
TN:
SF:src\assets\images\Auth\login.svg
FN:3,SvgLogin
FNF:1
FNH:0
FNDA:0,SvgLogin
DA:2,1
DA:4,0
DA:9,1
LF:3
LH:2
BRF:0
BRH:0
end_of_record
TN:
SF:src\assets\images\Auth\register.svg
FN:3,SvgRegister
FNF:1
FNH:0
FNDA:0,SvgRegister
DA:2,1
DA:4,0
DA:9,1
LF:3
LH:2
BRF:0
BRH:0
end_of_record
TN:
SF:src\components\UI\Spinner\Spinner.js
FN:5,(anonymous_0)
FNF:1
FNH:1
FNDA:2,(anonymous_0)
DA:5,2
DA:6,2
LF:2
LH:2
BRF:0
BRH:0
end_of_record
TN:
SF:src\config\config.js
FNF:0
FNH:0
DA:1,2
LF:1
LH:1
BRF:0
BRH:0
end_of_record
TN:
SF:src\pages\Auth\Auth.js
FN:14,(anonymous_0)
FN:34,(anonymous_1)
FN:44,(anonymous_2)
FN:60,(anonymous_3)
FN:64,(anonymous_4)
FN:80,(anonymous_5)
FN:85,(anonymous_6)
FN:90,(anonymous_7)
FN:119,(anonymous_8)
FN:126,(anonymous_9)
FN:134,(anonymous_10)
FN:164,(anonymous_11)
FN:173,(anonymous_12)
FN:179,(anonymous_13)
FN:185,(anonymous_14)
FN:193,(anonymous_15)
FN:203,(anonymous_16)
FN:209,(anonymous_17)
FNF:18
FNH:6
FNDA:8,(anonymous_0)
FNDA:0,(anonymous_1)
FNDA:2,(anonymous_2)
FNDA:1,(anonymous_3)
FNDA:1,(anonymous_4)
FNDA:0,(anonymous_5)
FNDA:0,(anonymous_6)
FNDA:0,(anonymous_7)
FNDA:0,(anonymous_8)
FNDA:1,(anonymous_9)
FNDA:0,(anonymous_10)
FNDA:0,(anonymous_11)
FNDA:0,(anonymous_12)
FNDA:0,(anonymous_13)
FNDA:1,(anonymous_14)
FNDA:0,(anonymous_15)
FNDA:0,(anonymous_16)
FNDA:0,(anonymous_17)
DA:14,1
DA:16,8
DA:18,8
DA:23,8
DA:31,8
DA:32,8
DA:34,8
DA:35,0
DA:36,0
DA:37,0
DA:38,0
DA:39,0
DA:40,0
DA:41,0
DA:44,8
DA:45,2
DA:46,1
DA:49,1
DA:50,1
DA:51,1
DA:52,1
DA:55,1
DA:56,1
DA:60,8
DA:61,1
DA:64,8
DA:77,1
DA:80,8
DA:81,0
DA:82,0
DA:84,0
DA:86,0
DA:87,0
DA:88,0
DA:91,0
DA:92,0
DA:96,8
DA:98,8
DA:119,0
DA:126,1
DA:134,0
DA:164,0
DA:173,0
DA:179,0
DA:185,1
DA:193,0
DA:203,0
LF:47
LH:25
BRDA:36,0,0,0
BRDA:36,0,1,0
BRDA:39,1,0,0
BRDA:39,1,1,0
BRDA:45,2,0,1
BRDA:45,2,1,1
BRDA:51,3,0,1
BRDA:51,3,1,0
BRDA:101,4,0,8
BRDA:101,4,1,0
BRDA:105,5,0,8
BRDA:105,5,1,8
BRDA:136,6,0,1
BRDA:136,6,1,7
BRDA:140,7,0,1
BRDA:140,7,1,7
BRDA:143,8,0,8
BRDA:143,8,1,0
BRDA:156,9,0,8
BRDA:156,9,1,8
BRDA:195,10,0,1
BRDA:195,10,1,7
BRDA:198,11,0,1
BRDA:198,11,1,7
BRDA:207,12,0,8
BRDA:207,12,1,0
BRDA:209,13,0,8
BRDA:209,13,1,0
BRDA:210,14,0,8
BRDA:210,14,1,0
BRF:30
BRH:20
end_of_record
TN:
SF:src\tools\useDateApi.js
FN:5,(anonymous_0)
FN:11,(anonymous_1)
FN:12,(anonymous_2)
FNF:3
FNH:3
FNDA:2,(anonymous_0)
FNDA:1,(anonymous_1)
FNDA:1,(anonymous_2)
DA:5,1
DA:6,2
DA:7,2
DA:8,2
DA:9,2
DA:11,2
DA:12,1
DA:13,1
DA:14,1
DA:16,1
DA:18,1
DA:20,1
DA:21,0
DA:24,0
DA:25,0
DA:27,0
DA:29,0
DA:32,0
DA:33,0
DA:35,0
DA:38,0
DA:41,1
DA:44,2
LF:23
LH:14
BRDA:5,0,0,0
BRDA:5,1,0,0
BRDA:18,2,0,1
BRDA:18,2,1,0
BRDA:18,2,2,0
BRDA:32,3,0,0
BRDA:32,3,1,0
BRDA:32,4,0,0
BRDA:32,4,1,0
BRDA:32,4,2,0
BRF:10
BRH:1
end_of_record
